[2021-07-19 22:08:08,972] {taskinstance.py:896} INFO - Dependencies all met for <TaskInstance: scrape_nasdaq_ftp.nasdaq_symbols 2021-07-19T20:08:07.285228+00:00 [queued]>
[2021-07-19 22:08:08,977] {taskinstance.py:896} INFO - Dependencies all met for <TaskInstance: scrape_nasdaq_ftp.nasdaq_symbols 2021-07-19T20:08:07.285228+00:00 [queued]>
[2021-07-19 22:08:08,978] {taskinstance.py:1087} INFO - 
--------------------------------------------------------------------------------
[2021-07-19 22:08:08,978] {taskinstance.py:1088} INFO - Starting attempt 1 of 1
[2021-07-19 22:08:08,978] {taskinstance.py:1089} INFO - 
--------------------------------------------------------------------------------
[2021-07-19 22:08:08,992] {taskinstance.py:1107} INFO - Executing <Task(PythonOperator): nasdaq_symbols> on 2021-07-19T20:08:07.285228+00:00
[2021-07-19 22:08:08,994] {standard_task_runner.py:52} INFO - Started process 18859 to run task
[2021-07-19 22:08:08,997] {standard_task_runner.py:76} INFO - Running: ['airflow', 'tasks', 'run', 'scrape_nasdaq_ftp', 'nasdaq_symbols', '2021-07-19T20:08:07.285228+00:00', '--job-id', '35', '--pool', 'default_pool', '--raw', '--subdir', 'DAGS_FOLDER/nasdaq_dag.py', '--cfg-path', '/tmp/tmpa_ii2j00', '--error-file', '/tmp/tmpnehx3b8q']
[2021-07-19 22:08:08,997] {standard_task_runner.py:77} INFO - Job 35: Subtask nasdaq_symbols
[2021-07-19 22:08:09,024] {logging_mixin.py:104} INFO - Running <TaskInstance: scrape_nasdaq_ftp.nasdaq_symbols 2021-07-19T20:08:07.285228+00:00 [running]> on host DESKTOP-4B4VMOV.localdomain
[2021-07-19 22:08:09,070] {taskinstance.py:1300} INFO - Exporting the following env vars:
AIRFLOW_CTX_DAG_OWNER=airflow
AIRFLOW_CTX_DAG_ID=scrape_nasdaq_ftp
AIRFLOW_CTX_TASK_ID=nasdaq_symbols
AIRFLOW_CTX_EXECUTION_DATE=2021-07-19T20:08:07.285228+00:00
AIRFLOW_CTX_DAG_RUN_ID=manual__2021-07-19T20:08:07.285228+00:00
[2021-07-19 22:08:09,814] {logging_mixin.py:104} INFO - Full path ~/data/symbols/20210719_nasdaqlisted.txt
[2021-07-19 22:08:12,394] {logging_mixin.py:104} INFO - Full path ~/data/symbols/20210719_otherlisted.txt
[2021-07-19 22:08:15,973] {python.py:151} INFO - Done. Returned value was: None
[2021-07-19 22:08:15,976] {taskinstance.py:1204} INFO - Marking task as SUCCESS. dag_id=scrape_nasdaq_ftp, task_id=nasdaq_symbols, execution_date=20210719T200807, start_date=20210719T200808, end_date=20210719T200815
[2021-07-19 22:08:16,000] {taskinstance.py:1265} INFO - 0 downstream tasks scheduled from follow-on schedule check
[2021-07-19 22:08:16,006] {local_task_job.py:149} INFO - Task exited with return code 0
