[2021-07-19 23:19:08,712] {taskinstance.py:896} INFO - Dependencies all met for <TaskInstance: scrape_nasdaq_ftp.nasdaq_symbols_process_files 2021-07-19T21:18:58.966663+00:00 [queued]>
[2021-07-19 23:19:08,715] {taskinstance.py:896} INFO - Dependencies all met for <TaskInstance: scrape_nasdaq_ftp.nasdaq_symbols_process_files 2021-07-19T21:18:58.966663+00:00 [queued]>
[2021-07-19 23:19:08,715] {taskinstance.py:1087} INFO - 
--------------------------------------------------------------------------------
[2021-07-19 23:19:08,715] {taskinstance.py:1088} INFO - Starting attempt 1 of 1
[2021-07-19 23:19:08,715] {taskinstance.py:1089} INFO - 
--------------------------------------------------------------------------------
[2021-07-19 23:19:08,731] {taskinstance.py:1107} INFO - Executing <Task(PythonOperator): nasdaq_symbols_process_files> on 2021-07-19T21:18:58.966663+00:00
[2021-07-19 23:19:08,733] {standard_task_runner.py:52} INFO - Started process 27852 to run task
[2021-07-19 23:19:08,736] {standard_task_runner.py:76} INFO - Running: ['airflow', 'tasks', 'run', 'scrape_nasdaq_ftp', 'nasdaq_symbols_process_files', '2021-07-19T21:18:58.966663+00:00', '--job-id', '49', '--pool', 'default_pool', '--raw', '--subdir', 'DAGS_FOLDER/nasdaq_dag.py', '--cfg-path', '/tmp/tmp5tg45hw6', '--error-file', '/tmp/tmpbyjr4gr9']
[2021-07-19 23:19:08,736] {standard_task_runner.py:77} INFO - Job 49: Subtask nasdaq_symbols_process_files
[2021-07-19 23:19:08,759] {logging_mixin.py:104} INFO - Running <TaskInstance: scrape_nasdaq_ftp.nasdaq_symbols_process_files 2021-07-19T21:18:58.966663+00:00 [running]> on host DESKTOP-4B4VMOV.localdomain
[2021-07-19 23:19:08,791] {taskinstance.py:1300} INFO - Exporting the following env vars:
AIRFLOW_CTX_DAG_OWNER=airflow
AIRFLOW_CTX_DAG_ID=scrape_nasdaq_ftp
AIRFLOW_CTX_TASK_ID=nasdaq_symbols_process_files
AIRFLOW_CTX_EXECUTION_DATE=2021-07-19T21:18:58.966663+00:00
AIRFLOW_CTX_DAG_RUN_ID=manual__2021-07-19T21:18:58.966663+00:00
[2021-07-19 23:19:09,969] {python.py:151} INFO - Done. Returned value was: None
[2021-07-19 23:19:09,972] {taskinstance.py:1204} INFO - Marking task as SUCCESS. dag_id=scrape_nasdaq_ftp, task_id=nasdaq_symbols_process_files, execution_date=20210719T211858, start_date=20210719T211908, end_date=20210719T211909
[2021-07-19 23:19:09,989] {taskinstance.py:1265} INFO - 0 downstream tasks scheduled from follow-on schedule check
[2021-07-19 23:19:10,030] {local_task_job.py:149} INFO - Task exited with return code 0
