[2021-07-19 21:32:01,478] {taskinstance.py:896} INFO - Dependencies all met for <TaskInstance: scrape_nasdaq_ftp.nasdaq_symbols 2021-07-19T19:31:59.949375+00:00 [queued]>
[2021-07-19 21:32:01,483] {taskinstance.py:896} INFO - Dependencies all met for <TaskInstance: scrape_nasdaq_ftp.nasdaq_symbols 2021-07-19T19:31:59.949375+00:00 [queued]>
[2021-07-19 21:32:01,483] {taskinstance.py:1087} INFO - 
--------------------------------------------------------------------------------
[2021-07-19 21:32:01,483] {taskinstance.py:1088} INFO - Starting attempt 1 of 1
[2021-07-19 21:32:01,483] {taskinstance.py:1089} INFO - 
--------------------------------------------------------------------------------
[2021-07-19 21:32:01,500] {taskinstance.py:1107} INFO - Executing <Task(PythonOperator): nasdaq_symbols> on 2021-07-19T19:31:59.949375+00:00
[2021-07-19 21:32:01,501] {standard_task_runner.py:52} INFO - Started process 16606 to run task
[2021-07-19 21:32:01,503] {standard_task_runner.py:76} INFO - Running: ['airflow', 'tasks', 'run', 'scrape_nasdaq_ftp', 'nasdaq_symbols', '2021-07-19T19:31:59.949375+00:00', '--job-id', '33', '--pool', 'default_pool', '--raw', '--subdir', 'DAGS_FOLDER/nasdaq_dag.py', '--cfg-path', '/tmp/tmp_iqz8yed', '--error-file', '/tmp/tmpjg9f6_wz']
[2021-07-19 21:32:01,504] {standard_task_runner.py:77} INFO - Job 33: Subtask nasdaq_symbols
[2021-07-19 21:32:01,532] {logging_mixin.py:104} INFO - Running <TaskInstance: scrape_nasdaq_ftp.nasdaq_symbols 2021-07-19T19:31:59.949375+00:00 [running]> on host DESKTOP-4B4VMOV.localdomain
[2021-07-19 21:32:01,580] {taskinstance.py:1300} INFO - Exporting the following env vars:
AIRFLOW_CTX_DAG_OWNER=airflow
AIRFLOW_CTX_DAG_ID=scrape_nasdaq_ftp
AIRFLOW_CTX_TASK_ID=nasdaq_symbols
AIRFLOW_CTX_EXECUTION_DATE=2021-07-19T19:31:59.949375+00:00
AIRFLOW_CTX_DAG_RUN_ID=manual__2021-07-19T19:31:59.949375+00:00
[2021-07-19 21:32:02,235] {logging_mixin.py:104} INFO - Full path ~/data/symbols/20210719_nasdaqlisted.txt
[2021-07-19 21:32:04,784] {logging_mixin.py:104} INFO - Full path ~/data/symbols/20210719_otherlisted.txt
[2021-07-19 21:32:08,102] {python.py:151} INFO - Done. Returned value was: None
[2021-07-19 21:32:08,105] {taskinstance.py:1204} INFO - Marking task as SUCCESS. dag_id=scrape_nasdaq_ftp, task_id=nasdaq_symbols, execution_date=20210719T193159, start_date=20210719T193201, end_date=20210719T193208
[2021-07-19 21:32:08,128] {taskinstance.py:1265} INFO - 0 downstream tasks scheduled from follow-on schedule check
[2021-07-19 21:32:08,156] {local_task_job.py:149} INFO - Task exited with return code 0
