[2021-08-28 11:50:09,924] {taskinstance.py:896} INFO - Dependencies all met for <TaskInstance: scrape_nasdaq_ftp.nasdaq_symbols_download_files 2021-08-28T09:50:08.488567+00:00 [queued]>
[2021-08-28 11:50:09,926] {taskinstance.py:896} INFO - Dependencies all met for <TaskInstance: scrape_nasdaq_ftp.nasdaq_symbols_download_files 2021-08-28T09:50:08.488567+00:00 [queued]>
[2021-08-28 11:50:09,926] {taskinstance.py:1087} INFO - 
--------------------------------------------------------------------------------
[2021-08-28 11:50:09,926] {taskinstance.py:1088} INFO - Starting attempt 1 of 1
[2021-08-28 11:50:09,926] {taskinstance.py:1089} INFO - 
--------------------------------------------------------------------------------
[2021-08-28 11:50:09,982] {taskinstance.py:1107} INFO - Executing <Task(PythonOperator): nasdaq_symbols_download_files> on 2021-08-28T09:50:08.488567+00:00
[2021-08-28 11:50:09,984] {standard_task_runner.py:52} INFO - Started process 18104 to run task
[2021-08-28 11:50:09,986] {standard_task_runner.py:76} INFO - Running: ['airflow', 'tasks', 'run', 'scrape_nasdaq_ftp', 'nasdaq_symbols_download_files', '2021-08-28T09:50:08.488567+00:00', '--job-id', '88', '--pool', 'default_pool', '--raw', '--subdir', 'DAGS_FOLDER/nasdaq_dag.py', '--cfg-path', '/tmp/tmpnk5_4g9t', '--error-file', '/tmp/tmpg3y39bmu']
[2021-08-28 11:50:09,986] {standard_task_runner.py:77} INFO - Job 88: Subtask nasdaq_symbols_download_files
[2021-08-28 11:50:10,006] {logging_mixin.py:104} INFO - Running <TaskInstance: scrape_nasdaq_ftp.nasdaq_symbols_download_files 2021-08-28T09:50:08.488567+00:00 [running]> on host DESKTOP-4B4VMOV.localdomain
[2021-08-28 11:50:10,045] {taskinstance.py:1300} INFO - Exporting the following env vars:
AIRFLOW_CTX_DAG_OWNER=airflow
AIRFLOW_CTX_DAG_ID=scrape_nasdaq_ftp
AIRFLOW_CTX_TASK_ID=nasdaq_symbols_download_files
AIRFLOW_CTX_EXECUTION_DATE=2021-08-28T09:50:08.488567+00:00
AIRFLOW_CTX_DAG_RUN_ID=manual__2021-08-28T09:50:08.488567+00:00
[2021-08-28 11:50:10,540] {logging_mixin.py:104} INFO - Full path /home/yaysh/data/symbols/20210828_nasdaqlisted.txt
[2021-08-28 11:50:12,554] {logging_mixin.py:104} INFO - Full path /home/yaysh/data/symbols/20210828_otherlisted.txt
[2021-08-28 11:50:15,463] {python.py:151} INFO - Done. Returned value was: None
[2021-08-28 11:50:15,465] {taskinstance.py:1204} INFO - Marking task as SUCCESS. dag_id=scrape_nasdaq_ftp, task_id=nasdaq_symbols_download_files, execution_date=20210828T095008, start_date=20210828T095009, end_date=20210828T095015
[2021-08-28 11:50:15,499] {taskinstance.py:1265} INFO - 1 downstream tasks scheduled from follow-on schedule check
[2021-08-28 11:50:15,513] {local_task_job.py:149} INFO - Task exited with return code 0
