[2021-08-28 11:45:53,889] {taskinstance.py:896} INFO - Dependencies all met for <TaskInstance: scrape_nasdaq_ftp.nasdaq_symbols_download_files 2021-08-28T09:45:52.141971+00:00 [queued]>
[2021-08-28 11:45:53,892] {taskinstance.py:896} INFO - Dependencies all met for <TaskInstance: scrape_nasdaq_ftp.nasdaq_symbols_download_files 2021-08-28T09:45:52.141971+00:00 [queued]>
[2021-08-28 11:45:53,893] {taskinstance.py:1087} INFO - 
--------------------------------------------------------------------------------
[2021-08-28 11:45:53,893] {taskinstance.py:1088} INFO - Starting attempt 1 of 1
[2021-08-28 11:45:53,893] {taskinstance.py:1089} INFO - 
--------------------------------------------------------------------------------
[2021-08-28 11:45:53,903] {taskinstance.py:1107} INFO - Executing <Task(PythonOperator): nasdaq_symbols_download_files> on 2021-08-28T09:45:52.141971+00:00
[2021-08-28 11:45:53,904] {standard_task_runner.py:52} INFO - Started process 15788 to run task
[2021-08-28 11:45:53,906] {standard_task_runner.py:76} INFO - Running: ['airflow', 'tasks', 'run', 'scrape_nasdaq_ftp', 'nasdaq_symbols_download_files', '2021-08-28T09:45:52.141971+00:00', '--job-id', '84', '--pool', 'default_pool', '--raw', '--subdir', 'DAGS_FOLDER/nasdaq_dag.py', '--cfg-path', '/tmp/tmpo80b1fdb', '--error-file', '/tmp/tmpz_bp9v_s']
[2021-08-28 11:45:53,906] {standard_task_runner.py:77} INFO - Job 84: Subtask nasdaq_symbols_download_files
[2021-08-28 11:45:53,924] {logging_mixin.py:104} INFO - Running <TaskInstance: scrape_nasdaq_ftp.nasdaq_symbols_download_files 2021-08-28T09:45:52.141971+00:00 [running]> on host DESKTOP-4B4VMOV.localdomain
[2021-08-28 11:45:53,955] {taskinstance.py:1300} INFO - Exporting the following env vars:
AIRFLOW_CTX_DAG_OWNER=airflow
AIRFLOW_CTX_DAG_ID=scrape_nasdaq_ftp
AIRFLOW_CTX_TASK_ID=nasdaq_symbols_download_files
AIRFLOW_CTX_EXECUTION_DATE=2021-08-28T09:45:52.141971+00:00
AIRFLOW_CTX_DAG_RUN_ID=manual__2021-08-28T09:45:52.141971+00:00
[2021-08-28 11:45:54,521] {logging_mixin.py:104} INFO - Full path /home/yaysh/data/symbols/20210828_nasdaqlisted.txt
[2021-08-28 11:45:56,466] {logging_mixin.py:104} INFO - Full path /home/yaysh/data/symbols/20210828_otherlisted.txt
[2021-08-28 11:45:59,025] {python.py:151} INFO - Done. Returned value was: None
[2021-08-28 11:45:59,027] {taskinstance.py:1204} INFO - Marking task as SUCCESS. dag_id=scrape_nasdaq_ftp, task_id=nasdaq_symbols_download_files, execution_date=20210828T094552, start_date=20210828T094553, end_date=20210828T094559
[2021-08-28 11:45:59,070] {taskinstance.py:1265} INFO - 1 downstream tasks scheduled from follow-on schedule check
[2021-08-28 11:45:59,108] {local_task_job.py:149} INFO - Task exited with return code 0
