[2021-07-19 19:52:07,950] {taskinstance.py:896} INFO - Dependencies all met for <TaskInstance: scrape_nasdaq_ftp.nasdaq_symbols 2021-07-19T17:51:59.673190+00:00 [queued]>
[2021-07-19 19:52:07,956] {taskinstance.py:896} INFO - Dependencies all met for <TaskInstance: scrape_nasdaq_ftp.nasdaq_symbols 2021-07-19T17:51:59.673190+00:00 [queued]>
[2021-07-19 19:52:07,956] {taskinstance.py:1087} INFO - 
--------------------------------------------------------------------------------
[2021-07-19 19:52:07,956] {taskinstance.py:1088} INFO - Starting attempt 1 of 1
[2021-07-19 19:52:07,956] {taskinstance.py:1089} INFO - 
--------------------------------------------------------------------------------
[2021-07-19 19:52:07,979] {taskinstance.py:1107} INFO - Executing <Task(PythonOperator): nasdaq_symbols> on 2021-07-19T17:51:59.673190+00:00
[2021-07-19 19:52:07,980] {standard_task_runner.py:52} INFO - Started process 14278 to run task
[2021-07-19 19:52:07,982] {standard_task_runner.py:76} INFO - Running: ['airflow', 'tasks', 'run', 'scrape_nasdaq_ftp', 'nasdaq_symbols', '2021-07-19T17:51:59.673190+00:00', '--job-id', '28', '--pool', 'default_pool', '--raw', '--subdir', 'DAGS_FOLDER/nasdaq_dag.py', '--cfg-path', '/tmp/tmpzg34dy1f', '--error-file', '/tmp/tmpfvxr99bs']
[2021-07-19 19:52:07,983] {standard_task_runner.py:77} INFO - Job 28: Subtask nasdaq_symbols
[2021-07-19 19:52:08,013] {logging_mixin.py:104} INFO - Running <TaskInstance: scrape_nasdaq_ftp.nasdaq_symbols 2021-07-19T17:51:59.673190+00:00 [running]> on host DESKTOP-4B4VMOV.localdomain
[2021-07-19 19:52:08,060] {taskinstance.py:1300} INFO - Exporting the following env vars:
AIRFLOW_CTX_DAG_OWNER=airflow
AIRFLOW_CTX_DAG_ID=scrape_nasdaq_ftp
AIRFLOW_CTX_TASK_ID=nasdaq_symbols
AIRFLOW_CTX_EXECUTION_DATE=2021-07-19T17:51:59.673190+00:00
AIRFLOW_CTX_DAG_RUN_ID=manual__2021-07-19T17:51:59.673190+00:00
[2021-07-19 19:52:14,640] {python.py:151} INFO - Done. Returned value was: None
[2021-07-19 19:52:14,643] {taskinstance.py:1204} INFO - Marking task as SUCCESS. dag_id=scrape_nasdaq_ftp, task_id=nasdaq_symbols, execution_date=20210719T175159, start_date=20210719T175207, end_date=20210719T175214
[2021-07-19 19:52:14,661] {taskinstance.py:1265} INFO - 0 downstream tasks scheduled from follow-on schedule check
[2021-07-19 19:52:14,671] {local_task_job.py:149} INFO - Task exited with return code 0
