[2021-08-28 11:50:16,691] {taskinstance.py:896} INFO - Dependencies all met for <TaskInstance: scrape_nasdaq_ftp.nasdaq_symbols_import_files 2021-08-28T09:50:08.488567+00:00 [queued]>
[2021-08-28 11:50:16,694] {taskinstance.py:896} INFO - Dependencies all met for <TaskInstance: scrape_nasdaq_ftp.nasdaq_symbols_import_files 2021-08-28T09:50:08.488567+00:00 [queued]>
[2021-08-28 11:50:16,694] {taskinstance.py:1087} INFO - 
--------------------------------------------------------------------------------
[2021-08-28 11:50:16,694] {taskinstance.py:1088} INFO - Starting attempt 1 of 1
[2021-08-28 11:50:16,694] {taskinstance.py:1089} INFO - 
--------------------------------------------------------------------------------
[2021-08-28 11:50:16,704] {taskinstance.py:1107} INFO - Executing <Task(PythonOperator): nasdaq_symbols_import_files> on 2021-08-28T09:50:08.488567+00:00
[2021-08-28 11:50:16,706] {standard_task_runner.py:52} INFO - Started process 18131 to run task
[2021-08-28 11:50:16,708] {standard_task_runner.py:76} INFO - Running: ['airflow', 'tasks', 'run', 'scrape_nasdaq_ftp', 'nasdaq_symbols_import_files', '2021-08-28T09:50:08.488567+00:00', '--job-id', '89', '--pool', 'default_pool', '--raw', '--subdir', 'DAGS_FOLDER/nasdaq_dag.py', '--cfg-path', '/tmp/tmpkf2e2i95', '--error-file', '/tmp/tmp3tv3xpbn']
[2021-08-28 11:50:16,708] {standard_task_runner.py:77} INFO - Job 89: Subtask nasdaq_symbols_import_files
[2021-08-28 11:50:16,728] {logging_mixin.py:104} INFO - Running <TaskInstance: scrape_nasdaq_ftp.nasdaq_symbols_import_files 2021-08-28T09:50:08.488567+00:00 [running]> on host DESKTOP-4B4VMOV.localdomain
[2021-08-28 11:50:16,761] {taskinstance.py:1300} INFO - Exporting the following env vars:
AIRFLOW_CTX_DAG_OWNER=airflow
AIRFLOW_CTX_DAG_ID=scrape_nasdaq_ftp
AIRFLOW_CTX_TASK_ID=nasdaq_symbols_import_files
AIRFLOW_CTX_EXECUTION_DATE=2021-08-28T09:50:08.488567+00:00
AIRFLOW_CTX_DAG_RUN_ID=manual__2021-08-28T09:50:08.488567+00:00
[2021-08-28 11:50:17,740] {python.py:151} INFO - Done. Returned value was: None
[2021-08-28 11:50:17,742] {taskinstance.py:1204} INFO - Marking task as SUCCESS. dag_id=scrape_nasdaq_ftp, task_id=nasdaq_symbols_import_files, execution_date=20210828T095008, start_date=20210828T095016, end_date=20210828T095017
[2021-08-28 11:50:17,758] {taskinstance.py:1265} INFO - 0 downstream tasks scheduled from follow-on schedule check
[2021-08-28 11:50:17,762] {local_task_job.py:149} INFO - Task exited with return code 0
