[2021-08-28 12:04:41,189] {taskinstance.py:896} INFO - Dependencies all met for <TaskInstance: scrape_nasdaq_ftp.nasdaq_symbols_download_files 2021-08-28T10:04:39.831657+00:00 [queued]>
[2021-08-28 12:04:41,193] {taskinstance.py:896} INFO - Dependencies all met for <TaskInstance: scrape_nasdaq_ftp.nasdaq_symbols_download_files 2021-08-28T10:04:39.831657+00:00 [queued]>
[2021-08-28 12:04:41,193] {taskinstance.py:1087} INFO - 
--------------------------------------------------------------------------------
[2021-08-28 12:04:41,193] {taskinstance.py:1088} INFO - Starting attempt 1 of 1
[2021-08-28 12:04:41,193] {taskinstance.py:1089} INFO - 
--------------------------------------------------------------------------------
[2021-08-28 12:04:41,212] {taskinstance.py:1107} INFO - Executing <Task(PythonOperator): nasdaq_symbols_download_files> on 2021-08-28T10:04:39.831657+00:00
[2021-08-28 12:04:41,214] {standard_task_runner.py:52} INFO - Started process 26160 to run task
[2021-08-28 12:04:41,216] {standard_task_runner.py:76} INFO - Running: ['airflow', 'tasks', 'run', 'scrape_nasdaq_ftp', 'nasdaq_symbols_download_files', '2021-08-28T10:04:39.831657+00:00', '--job-id', '93', '--pool', 'default_pool', '--raw', '--subdir', 'DAGS_FOLDER/nasdaq_dag.py', '--cfg-path', '/tmp/tmpdtw96uie', '--error-file', '/tmp/tmpnm49cg7n']
[2021-08-28 12:04:41,216] {standard_task_runner.py:77} INFO - Job 93: Subtask nasdaq_symbols_download_files
[2021-08-28 12:04:41,243] {logging_mixin.py:104} INFO - Running <TaskInstance: scrape_nasdaq_ftp.nasdaq_symbols_download_files 2021-08-28T10:04:39.831657+00:00 [running]> on host DESKTOP-4B4VMOV.localdomain
[2021-08-28 12:04:41,288] {taskinstance.py:1300} INFO - Exporting the following env vars:
AIRFLOW_CTX_DAG_OWNER=airflow
AIRFLOW_CTX_DAG_ID=scrape_nasdaq_ftp
AIRFLOW_CTX_TASK_ID=nasdaq_symbols_download_files
AIRFLOW_CTX_EXECUTION_DATE=2021-08-28T10:04:39.831657+00:00
AIRFLOW_CTX_DAG_RUN_ID=manual__2021-08-28T10:04:39.831657+00:00
[2021-08-28 12:04:41,799] {logging_mixin.py:104} INFO - Full path /home/yaysh/data/symbols/20210828_nasdaqlisted.txt
[2021-08-28 12:04:43,695] {logging_mixin.py:104} INFO - Full path /home/yaysh/data/symbols/20210828_otherlisted.txt
[2021-08-28 12:04:46,470] {python.py:151} INFO - Done. Returned value was: None
[2021-08-28 12:04:46,472] {taskinstance.py:1204} INFO - Marking task as SUCCESS. dag_id=scrape_nasdaq_ftp, task_id=nasdaq_symbols_download_files, execution_date=20210828T100439, start_date=20210828T100441, end_date=20210828T100446
[2021-08-28 12:04:46,502] {taskinstance.py:1265} INFO - 1 downstream tasks scheduled from follow-on schedule check
[2021-08-28 12:04:46,542] {local_task_job.py:149} INFO - Task exited with return code 0
