[2021-07-19 23:18:28,651] {taskinstance.py:896} INFO - Dependencies all met for <TaskInstance: scrape_nasdaq_ftp.nasdaq_symbols_download_files 2021-07-19T21:16:39.622838+00:00 [queued]>
[2021-07-19 23:18:28,656] {taskinstance.py:896} INFO - Dependencies all met for <TaskInstance: scrape_nasdaq_ftp.nasdaq_symbols_download_files 2021-07-19T21:16:39.622838+00:00 [queued]>
[2021-07-19 23:18:28,656] {taskinstance.py:1087} INFO - 
--------------------------------------------------------------------------------
[2021-07-19 23:18:28,656] {taskinstance.py:1088} INFO - Starting attempt 1 of 1
[2021-07-19 23:18:28,656] {taskinstance.py:1089} INFO - 
--------------------------------------------------------------------------------
[2021-07-19 23:18:28,676] {taskinstance.py:1107} INFO - Executing <Task(PythonOperator): nasdaq_symbols_download_files> on 2021-07-19T21:16:39.622838+00:00
[2021-07-19 23:18:28,678] {standard_task_runner.py:52} INFO - Started process 27557 to run task
[2021-07-19 23:18:28,681] {standard_task_runner.py:76} INFO - Running: ['airflow', 'tasks', 'run', 'scrape_nasdaq_ftp', 'nasdaq_symbols_download_files', '2021-07-19T21:16:39.622838+00:00', '--job-id', '44', '--pool', 'default_pool', '--raw', '--subdir', 'DAGS_FOLDER/nasdaq_dag.py', '--cfg-path', '/tmp/tmpe0shg5qs', '--error-file', '/tmp/tmpz5xotsba']
[2021-07-19 23:18:28,682] {standard_task_runner.py:77} INFO - Job 44: Subtask nasdaq_symbols_download_files
[2021-07-19 23:18:28,713] {logging_mixin.py:104} INFO - Running <TaskInstance: scrape_nasdaq_ftp.nasdaq_symbols_download_files 2021-07-19T21:16:39.622838+00:00 [running]> on host DESKTOP-4B4VMOV.localdomain
[2021-07-19 23:18:28,780] {taskinstance.py:1300} INFO - Exporting the following env vars:
AIRFLOW_CTX_DAG_OWNER=airflow
AIRFLOW_CTX_DAG_ID=scrape_nasdaq_ftp
AIRFLOW_CTX_TASK_ID=nasdaq_symbols_download_files
AIRFLOW_CTX_EXECUTION_DATE=2021-07-19T21:16:39.622838+00:00
AIRFLOW_CTX_DAG_RUN_ID=manual__2021-07-19T21:16:39.622838+00:00
[2021-07-19 23:18:29,483] {logging_mixin.py:104} INFO - Full path /home/yaysh/data/symbols/20210719_nasdaqlisted.txt
[2021-07-19 23:18:30,763] {logging_mixin.py:104} INFO - Full path /home/yaysh/data/symbols/20210719_otherlisted.txt
[2021-07-19 23:18:32,301] {python.py:151} INFO - Done. Returned value was: None
[2021-07-19 23:18:32,305] {taskinstance.py:1204} INFO - Marking task as SUCCESS. dag_id=scrape_nasdaq_ftp, task_id=nasdaq_symbols_download_files, execution_date=20210719T211639, start_date=20210719T211828, end_date=20210719T211832
[2021-07-19 23:18:32,333] {taskinstance.py:1265} INFO - 1 downstream tasks scheduled from follow-on schedule check
[2021-07-19 23:18:32,343] {local_task_job.py:149} INFO - Task exited with return code 0
