[2021-07-19 22:13:36,942] {taskinstance.py:896} INFO - Dependencies all met for <TaskInstance: scrape_nasdaq_ftp.nasdaq_symbols 2021-07-19T20:13:35.462857+00:00 [queued]>
[2021-07-19 22:13:36,948] {taskinstance.py:896} INFO - Dependencies all met for <TaskInstance: scrape_nasdaq_ftp.nasdaq_symbols 2021-07-19T20:13:35.462857+00:00 [queued]>
[2021-07-19 22:13:36,948] {taskinstance.py:1087} INFO - 
--------------------------------------------------------------------------------
[2021-07-19 22:13:36,949] {taskinstance.py:1088} INFO - Starting attempt 1 of 1
[2021-07-19 22:13:36,949] {taskinstance.py:1089} INFO - 
--------------------------------------------------------------------------------
[2021-07-19 22:13:36,962] {taskinstance.py:1107} INFO - Executing <Task(PythonOperator): nasdaq_symbols> on 2021-07-19T20:13:35.462857+00:00
[2021-07-19 22:13:36,962] {standard_task_runner.py:52} INFO - Started process 19261 to run task
[2021-07-19 22:13:36,964] {standard_task_runner.py:76} INFO - Running: ['airflow', 'tasks', 'run', 'scrape_nasdaq_ftp', 'nasdaq_symbols', '2021-07-19T20:13:35.462857+00:00', '--job-id', '37', '--pool', 'default_pool', '--raw', '--subdir', 'DAGS_FOLDER/nasdaq_dag.py', '--cfg-path', '/tmp/tmpc9o9n66w', '--error-file', '/tmp/tmpskmy2358']
[2021-07-19 22:13:36,965] {standard_task_runner.py:77} INFO - Job 37: Subtask nasdaq_symbols
[2021-07-19 22:13:36,993] {logging_mixin.py:104} INFO - Running <TaskInstance: scrape_nasdaq_ftp.nasdaq_symbols 2021-07-19T20:13:35.462857+00:00 [running]> on host DESKTOP-4B4VMOV.localdomain
[2021-07-19 22:13:37,040] {taskinstance.py:1300} INFO - Exporting the following env vars:
AIRFLOW_CTX_DAG_OWNER=airflow
AIRFLOW_CTX_DAG_ID=scrape_nasdaq_ftp
AIRFLOW_CTX_TASK_ID=nasdaq_symbols
AIRFLOW_CTX_EXECUTION_DATE=2021-07-19T20:13:35.462857+00:00
AIRFLOW_CTX_DAG_RUN_ID=manual__2021-07-19T20:13:35.462857+00:00
[2021-07-19 22:13:37,737] {logging_mixin.py:104} INFO - Full path /home/yaysh/data/symbols/20210719_nasdaqlisted.txt
[2021-07-19 22:13:40,291] {logging_mixin.py:104} INFO - Full path /home/yaysh/data/symbols/20210719_otherlisted.txt
[2021-07-19 22:13:43,987] {python.py:151} INFO - Done. Returned value was: None
[2021-07-19 22:13:43,990] {taskinstance.py:1204} INFO - Marking task as SUCCESS. dag_id=scrape_nasdaq_ftp, task_id=nasdaq_symbols, execution_date=20210719T201335, start_date=20210719T201336, end_date=20210719T201343
[2021-07-19 22:13:44,005] {taskinstance.py:1265} INFO - 0 downstream tasks scheduled from follow-on schedule check
[2021-07-19 22:13:44,015] {local_task_job.py:149} INFO - Task exited with return code 0
