[2021-07-19 21:30:19,689] {taskinstance.py:896} INFO - Dependencies all met for <TaskInstance: scrape_nasdaq_ftp.nasdaq_symbols 2021-07-19T19:30:17.051412+00:00 [queued]>
[2021-07-19 21:30:19,694] {taskinstance.py:896} INFO - Dependencies all met for <TaskInstance: scrape_nasdaq_ftp.nasdaq_symbols 2021-07-19T19:30:17.051412+00:00 [queued]>
[2021-07-19 21:30:19,695] {taskinstance.py:1087} INFO - 
--------------------------------------------------------------------------------
[2021-07-19 21:30:19,695] {taskinstance.py:1088} INFO - Starting attempt 1 of 1
[2021-07-19 21:30:19,695] {taskinstance.py:1089} INFO - 
--------------------------------------------------------------------------------
[2021-07-19 21:30:19,713] {taskinstance.py:1107} INFO - Executing <Task(PythonOperator): nasdaq_symbols> on 2021-07-19T19:30:17.051412+00:00
[2021-07-19 21:30:19,714] {standard_task_runner.py:52} INFO - Started process 16424 to run task
[2021-07-19 21:30:19,716] {standard_task_runner.py:76} INFO - Running: ['airflow', 'tasks', 'run', 'scrape_nasdaq_ftp', 'nasdaq_symbols', '2021-07-19T19:30:17.051412+00:00', '--job-id', '32', '--pool', 'default_pool', '--raw', '--subdir', 'DAGS_FOLDER/nasdaq_dag.py', '--cfg-path', '/tmp/tmpo5y7ojz4', '--error-file', '/tmp/tmpveuax565']
[2021-07-19 21:30:19,717] {standard_task_runner.py:77} INFO - Job 32: Subtask nasdaq_symbols
[2021-07-19 21:30:19,746] {logging_mixin.py:104} INFO - Running <TaskInstance: scrape_nasdaq_ftp.nasdaq_symbols 2021-07-19T19:30:17.051412+00:00 [running]> on host DESKTOP-4B4VMOV.localdomain
[2021-07-19 21:30:19,794] {taskinstance.py:1300} INFO - Exporting the following env vars:
AIRFLOW_CTX_DAG_OWNER=airflow
AIRFLOW_CTX_DAG_ID=scrape_nasdaq_ftp
AIRFLOW_CTX_TASK_ID=nasdaq_symbols
AIRFLOW_CTX_EXECUTION_DATE=2021-07-19T19:30:17.051412+00:00
AIRFLOW_CTX_DAG_RUN_ID=manual__2021-07-19T19:30:17.051412+00:00
[2021-07-19 21:30:26,610] {python.py:151} INFO - Done. Returned value was: None
[2021-07-19 21:30:26,613] {taskinstance.py:1204} INFO - Marking task as SUCCESS. dag_id=scrape_nasdaq_ftp, task_id=nasdaq_symbols, execution_date=20210719T193017, start_date=20210719T193019, end_date=20210719T193026
[2021-07-19 21:30:26,628] {taskinstance.py:1265} INFO - 0 downstream tasks scheduled from follow-on schedule check
[2021-07-19 21:30:26,645] {local_task_job.py:149} INFO - Task exited with return code 0
