[2021-07-19 21:17:08,724] {taskinstance.py:896} INFO - Dependencies all met for <TaskInstance: scrape_nasdaq_ftp.nasdaq_symbols 2021-07-19T19:17:06.525199+00:00 [queued]>
[2021-07-19 21:17:08,729] {taskinstance.py:896} INFO - Dependencies all met for <TaskInstance: scrape_nasdaq_ftp.nasdaq_symbols 2021-07-19T19:17:06.525199+00:00 [queued]>
[2021-07-19 21:17:08,729] {taskinstance.py:1087} INFO - 
--------------------------------------------------------------------------------
[2021-07-19 21:17:08,729] {taskinstance.py:1088} INFO - Starting attempt 1 of 1
[2021-07-19 21:17:08,729] {taskinstance.py:1089} INFO - 
--------------------------------------------------------------------------------
[2021-07-19 21:17:08,756] {taskinstance.py:1107} INFO - Executing <Task(PythonOperator): nasdaq_symbols> on 2021-07-19T19:17:06.525199+00:00
[2021-07-19 21:17:08,757] {standard_task_runner.py:52} INFO - Started process 15613 to run task
[2021-07-19 21:17:08,760] {standard_task_runner.py:76} INFO - Running: ['airflow', 'tasks', 'run', 'scrape_nasdaq_ftp', 'nasdaq_symbols', '2021-07-19T19:17:06.525199+00:00', '--job-id', '30', '--pool', 'default_pool', '--raw', '--subdir', 'DAGS_FOLDER/nasdaq_dag.py', '--cfg-path', '/tmp/tmpx38blz1h', '--error-file', '/tmp/tmp_ew4o16x']
[2021-07-19 21:17:08,760] {standard_task_runner.py:77} INFO - Job 30: Subtask nasdaq_symbols
[2021-07-19 21:17:08,783] {logging_mixin.py:104} INFO - Running <TaskInstance: scrape_nasdaq_ftp.nasdaq_symbols 2021-07-19T19:17:06.525199+00:00 [running]> on host DESKTOP-4B4VMOV.localdomain
[2021-07-19 21:17:08,822] {taskinstance.py:1300} INFO - Exporting the following env vars:
AIRFLOW_CTX_DAG_OWNER=airflow
AIRFLOW_CTX_DAG_ID=scrape_nasdaq_ftp
AIRFLOW_CTX_TASK_ID=nasdaq_symbols
AIRFLOW_CTX_EXECUTION_DATE=2021-07-19T19:17:06.525199+00:00
AIRFLOW_CTX_DAG_RUN_ID=manual__2021-07-19T19:17:06.525199+00:00
[2021-07-19 21:17:15,603] {python.py:151} INFO - Done. Returned value was: None
[2021-07-19 21:17:15,606] {taskinstance.py:1204} INFO - Marking task as SUCCESS. dag_id=scrape_nasdaq_ftp, task_id=nasdaq_symbols, execution_date=20210719T191706, start_date=20210719T191708, end_date=20210719T191715
[2021-07-19 21:17:15,625] {taskinstance.py:1265} INFO - 0 downstream tasks scheduled from follow-on schedule check
[2021-07-19 21:17:15,647] {local_task_job.py:149} INFO - Task exited with return code 0
