[2021-07-19 21:47:40,283] {taskinstance.py:896} INFO - Dependencies all met for <TaskInstance: scrape_nasdaq_ftp.nasdaq_symbols 2021-07-19T19:47:38.893827+00:00 [queued]>
[2021-07-19 21:47:40,288] {taskinstance.py:896} INFO - Dependencies all met for <TaskInstance: scrape_nasdaq_ftp.nasdaq_symbols 2021-07-19T19:47:38.893827+00:00 [queued]>
[2021-07-19 21:47:40,288] {taskinstance.py:1087} INFO - 
--------------------------------------------------------------------------------
[2021-07-19 21:47:40,288] {taskinstance.py:1088} INFO - Starting attempt 1 of 1
[2021-07-19 21:47:40,288] {taskinstance.py:1089} INFO - 
--------------------------------------------------------------------------------
[2021-07-19 21:47:40,303] {taskinstance.py:1107} INFO - Executing <Task(PythonOperator): nasdaq_symbols> on 2021-07-19T19:47:38.893827+00:00
[2021-07-19 21:47:40,304] {standard_task_runner.py:52} INFO - Started process 17574 to run task
[2021-07-19 21:47:40,307] {standard_task_runner.py:76} INFO - Running: ['airflow', 'tasks', 'run', 'scrape_nasdaq_ftp', 'nasdaq_symbols', '2021-07-19T19:47:38.893827+00:00', '--job-id', '34', '--pool', 'default_pool', '--raw', '--subdir', 'DAGS_FOLDER/nasdaq_dag.py', '--cfg-path', '/tmp/tmpxkhb_58d', '--error-file', '/tmp/tmp5e843bk5']
[2021-07-19 21:47:40,307] {standard_task_runner.py:77} INFO - Job 34: Subtask nasdaq_symbols
[2021-07-19 21:47:40,333] {logging_mixin.py:104} INFO - Running <TaskInstance: scrape_nasdaq_ftp.nasdaq_symbols 2021-07-19T19:47:38.893827+00:00 [running]> on host DESKTOP-4B4VMOV.localdomain
[2021-07-19 21:47:40,377] {taskinstance.py:1300} INFO - Exporting the following env vars:
AIRFLOW_CTX_DAG_OWNER=airflow
AIRFLOW_CTX_DAG_ID=scrape_nasdaq_ftp
AIRFLOW_CTX_TASK_ID=nasdaq_symbols
AIRFLOW_CTX_EXECUTION_DATE=2021-07-19T19:47:38.893827+00:00
AIRFLOW_CTX_DAG_RUN_ID=manual__2021-07-19T19:47:38.893827+00:00
[2021-07-19 21:47:41,131] {logging_mixin.py:104} INFO - Full path ~/data/symbols/20210719_nasdaqlisted.txt
[2021-07-19 21:47:43,931] {logging_mixin.py:104} INFO - Full path ~/data/symbols/20210719_otherlisted.txt
[2021-07-19 21:47:47,704] {python.py:151} INFO - Done. Returned value was: None
[2021-07-19 21:47:47,706] {taskinstance.py:1204} INFO - Marking task as SUCCESS. dag_id=scrape_nasdaq_ftp, task_id=nasdaq_symbols, execution_date=20210719T194738, start_date=20210719T194740, end_date=20210719T194747
[2021-07-19 21:47:47,722] {taskinstance.py:1265} INFO - 0 downstream tasks scheduled from follow-on schedule check
[2021-07-19 21:47:47,756] {local_task_job.py:149} INFO - Task exited with return code 0
