[2021-07-21 19:42:52,773] {taskinstance.py:896} INFO - Dependencies all met for <TaskInstance: scrape_nasdaq_ftp.nasdaq_symbols_download_files 2021-07-20T00:00:00+00:00 [queued]>
[2021-07-21 19:42:52,776] {taskinstance.py:896} INFO - Dependencies all met for <TaskInstance: scrape_nasdaq_ftp.nasdaq_symbols_download_files 2021-07-20T00:00:00+00:00 [queued]>
[2021-07-21 19:42:52,776] {taskinstance.py:1087} INFO - 
--------------------------------------------------------------------------------
[2021-07-21 19:42:52,776] {taskinstance.py:1088} INFO - Starting attempt 1 of 1
[2021-07-21 19:42:52,776] {taskinstance.py:1089} INFO - 
--------------------------------------------------------------------------------
[2021-07-21 19:42:52,785] {taskinstance.py:1107} INFO - Executing <Task(PythonOperator): nasdaq_symbols_download_files> on 2021-07-20T00:00:00+00:00
[2021-07-21 19:42:52,787] {standard_task_runner.py:52} INFO - Started process 161 to run task
[2021-07-21 19:42:52,789] {standard_task_runner.py:76} INFO - Running: ['airflow', 'tasks', 'run', 'scrape_nasdaq_ftp', 'nasdaq_symbols_download_files', '2021-07-20T00:00:00+00:00', '--job-id', '54', '--pool', 'default_pool', '--raw', '--subdir', 'DAGS_FOLDER/nasdaq_dag.py', '--cfg-path', '/tmp/tmp2ua79kmv', '--error-file', '/tmp/tmpb76mdb5t']
[2021-07-21 19:42:52,789] {standard_task_runner.py:77} INFO - Job 54: Subtask nasdaq_symbols_download_files
[2021-07-21 19:42:52,807] {logging_mixin.py:104} INFO - Running <TaskInstance: scrape_nasdaq_ftp.nasdaq_symbols_download_files 2021-07-20T00:00:00+00:00 [running]> on host DESKTOP-4B4VMOV.localdomain
[2021-07-21 19:42:52,835] {taskinstance.py:1300} INFO - Exporting the following env vars:
AIRFLOW_CTX_DAG_OWNER=airflow
AIRFLOW_CTX_DAG_ID=scrape_nasdaq_ftp
AIRFLOW_CTX_TASK_ID=nasdaq_symbols_download_files
AIRFLOW_CTX_EXECUTION_DATE=2021-07-20T00:00:00+00:00
AIRFLOW_CTX_DAG_RUN_ID=scheduled__2021-07-20T00:00:00+00:00
[2021-07-21 19:42:53,581] {logging_mixin.py:104} INFO - Full path /home/yaysh/data/symbols/20210721_nasdaqlisted.txt
[2021-07-21 19:42:56,140] {logging_mixin.py:104} INFO - Full path /home/yaysh/data/symbols/20210721_otherlisted.txt
[2021-07-21 19:42:59,587] {python.py:151} INFO - Done. Returned value was: None
[2021-07-21 19:42:59,590] {taskinstance.py:1204} INFO - Marking task as SUCCESS. dag_id=scrape_nasdaq_ftp, task_id=nasdaq_symbols_download_files, execution_date=20210720T000000, start_date=20210721T174252, end_date=20210721T174259
[2021-07-21 19:42:59,612] {taskinstance.py:1265} INFO - 1 downstream tasks scheduled from follow-on schedule check
[2021-07-21 19:42:59,632] {local_task_job.py:149} INFO - Task exited with return code 0
