[2021-08-28 11:49:35,868] {taskinstance.py:896} INFO - Dependencies all met for <TaskInstance: scrape_nasdaq_ftp.nasdaq_symbols_import_files 2021-08-28T09:49:27.764251+00:00 [queued]>
[2021-08-28 11:49:35,870] {taskinstance.py:896} INFO - Dependencies all met for <TaskInstance: scrape_nasdaq_ftp.nasdaq_symbols_import_files 2021-08-28T09:49:27.764251+00:00 [queued]>
[2021-08-28 11:49:35,870] {taskinstance.py:1087} INFO - 
--------------------------------------------------------------------------------
[2021-08-28 11:49:35,870] {taskinstance.py:1088} INFO - Starting attempt 1 of 1
[2021-08-28 11:49:35,870] {taskinstance.py:1089} INFO - 
--------------------------------------------------------------------------------
[2021-08-28 11:49:35,885] {taskinstance.py:1107} INFO - Executing <Task(PythonOperator): nasdaq_symbols_import_files> on 2021-08-28T09:49:27.764251+00:00
[2021-08-28 11:49:35,887] {standard_task_runner.py:52} INFO - Started process 17762 to run task
[2021-08-28 11:49:35,889] {standard_task_runner.py:76} INFO - Running: ['airflow', 'tasks', 'run', 'scrape_nasdaq_ftp', 'nasdaq_symbols_import_files', '2021-08-28T09:49:27.764251+00:00', '--job-id', '87', '--pool', 'default_pool', '--raw', '--subdir', 'DAGS_FOLDER/nasdaq_dag.py', '--cfg-path', '/tmp/tmpru1rteu6', '--error-file', '/tmp/tmpzzwjjgud']
[2021-08-28 11:49:35,889] {standard_task_runner.py:77} INFO - Job 87: Subtask nasdaq_symbols_import_files
[2021-08-28 11:49:35,913] {logging_mixin.py:104} INFO - Running <TaskInstance: scrape_nasdaq_ftp.nasdaq_symbols_import_files 2021-08-28T09:49:27.764251+00:00 [running]> on host DESKTOP-4B4VMOV.localdomain
[2021-08-28 11:49:35,941] {taskinstance.py:1300} INFO - Exporting the following env vars:
AIRFLOW_CTX_DAG_OWNER=airflow
AIRFLOW_CTX_DAG_ID=scrape_nasdaq_ftp
AIRFLOW_CTX_TASK_ID=nasdaq_symbols_import_files
AIRFLOW_CTX_EXECUTION_DATE=2021-08-28T09:49:27.764251+00:00
AIRFLOW_CTX_DAG_RUN_ID=manual__2021-08-28T09:49:27.764251+00:00
[2021-08-28 11:49:36,894] {python.py:151} INFO - Done. Returned value was: None
[2021-08-28 11:49:36,896] {taskinstance.py:1204} INFO - Marking task as SUCCESS. dag_id=scrape_nasdaq_ftp, task_id=nasdaq_symbols_import_files, execution_date=20210828T094927, start_date=20210828T094935, end_date=20210828T094936
[2021-08-28 11:49:36,919] {taskinstance.py:1265} INFO - 0 downstream tasks scheduled from follow-on schedule check
[2021-08-28 11:49:36,944] {local_task_job.py:149} INFO - Task exited with return code 0
